<?xml version="1.0" encoding="UTF-8"?>
<testsuite xmlns:xsi="http://www.w3.org/2001/XMLSchema-instance" xsi:noNamespaceSchemaLocation="https://maven.apache.org/surefire/maven-surefire-plugin/xsd/surefire-test-report.xsd" name="tests.mobile_replenishment.positive.MobilePhoneReplenishmentPositiveTest" time="45.958" tests="4" errors="4" skipped="0" failures="0">
  <properties>
    <property name="java.specification.version" value="18"/>
    <property name="sun.jnu.encoding" value="UTF-8"/>
    <property name="java.class.path" value="/Users/serhii_shkurenko/Desktop/projects/udemySelenideProject/target/test-classes:/Users/serhii_shkurenko/Desktop/projects/udemySelenideProject/target/classes:/Users/serhii_shkurenko/.m2/repository/org/apache/maven/plugins/maven-compiler-plugin/3.8.1/maven-compiler-plugin-3.8.1.jar:/Users/serhii_shkurenko/.m2/repository/org/apache/maven/maven-plugin-api/3.0/maven-plugin-api-3.0.jar:/Users/serhii_shkurenko/.m2/repository/org/apache/maven/maven-model/3.0/maven-model-3.0.jar:/Users/serhii_shkurenko/.m2/repository/org/sonatype/sisu/sisu-inject-plexus/1.4.2/sisu-inject-plexus-1.4.2.jar:/Users/serhii_shkurenko/.m2/repository/org/sonatype/sisu/sisu-inject-bean/1.4.2/sisu-inject-bean-1.4.2.jar:/Users/serhii_shkurenko/.m2/repository/org/sonatype/sisu/sisu-guice/2.1.7/sisu-guice-2.1.7-noaop.jar:/Users/serhii_shkurenko/.m2/repository/org/apache/maven/maven-artifact/3.0/maven-artifact-3.0.jar:/Users/serhii_shkurenko/.m2/repository/org/codehaus/plexus/plexus-utils/2.0.4/plexus-utils-2.0.4.jar:/Users/serhii_shkurenko/.m2/repository/org/apache/maven/maven-core/3.0/maven-core-3.0.jar:/Users/serhii_shkurenko/.m2/repository/org/apache/maven/maven-settings/3.0/maven-settings-3.0.jar:/Users/serhii_shkurenko/.m2/repository/org/apache/maven/maven-settings-builder/3.0/maven-settings-builder-3.0.jar:/Users/serhii_shkurenko/.m2/repository/org/apache/maven/maven-repository-metadata/3.0/maven-repository-metadata-3.0.jar:/Users/serhii_shkurenko/.m2/repository/org/apache/maven/maven-model-builder/3.0/maven-model-builder-3.0.jar:/Users/serhii_shkurenko/.m2/repository/org/apache/maven/maven-aether-provider/3.0/maven-aether-provider-3.0.jar:/Users/serhii_shkurenko/.m2/repository/org/sonatype/aether/aether-impl/1.7/aether-impl-1.7.jar:/Users/serhii_shkurenko/.m2/repository/org/sonatype/aether/aether-spi/1.7/aether-spi-1.7.jar:/Users/serhii_shkurenko/.m2/repository/org/sonatype/aether/aether-api/1.7/aether-api-1.7.jar:/Users/serhii_shkurenko/.m2/repository/org/sonatype/aether/aether-util/1.7/aether-util-1.7.jar:/Users/serhii_shkurenko/.m2/repository/org/codehaus/plexus/plexus-interpolation/1.14/plexus-interpolation-1.14.jar:/Users/serhii_shkurenko/.m2/repository/org/codehaus/plexus/plexus-classworlds/2.2.3/plexus-classworlds-2.2.3.jar:/Users/serhii_shkurenko/.m2/repository/org/codehaus/plexus/plexus-component-annotations/1.5.5/plexus-component-annotations-1.5.5.jar:/Users/serhii_shkurenko/.m2/repository/org/sonatype/plexus/plexus-sec-dispatcher/1.3/plexus-sec-dispatcher-1.3.jar:/Users/serhii_shkurenko/.m2/repository/org/sonatype/plexus/plexus-cipher/1.4/plexus-cipher-1.4.jar:/Users/serhii_shkurenko/.m2/repository/org/apache/maven/shared/maven-shared-utils/3.2.1/maven-shared-utils-3.2.1.jar:/Users/serhii_shkurenko/.m2/repository/org/apache/maven/shared/maven-shared-incremental/1.1/maven-shared-incremental-1.1.jar:/Users/serhii_shkurenko/.m2/repository/org/codehaus/plexus/plexus-java/0.9.10/plexus-java-0.9.10.jar:/Users/serhii_shkurenko/.m2/repository/org/ow2/asm/asm/6.2/asm-6.2.jar:/Users/serhii_shkurenko/.m2/repository/com/thoughtworks/qdox/qdox/2.0-M8/qdox-2.0-M8.jar:/Users/serhii_shkurenko/.m2/repository/org/codehaus/plexus/plexus-compiler-api/2.8.4/plexus-compiler-api-2.8.4.jar:/Users/serhii_shkurenko/.m2/repository/org/codehaus/plexus/plexus-compiler-manager/2.8.4/plexus-compiler-manager-2.8.4.jar:/Users/serhii_shkurenko/.m2/repository/org/codehaus/plexus/plexus-compiler-javac/2.8.4/plexus-compiler-javac-2.8.4.jar:/Users/serhii_shkurenko/.m2/repository/org/junit/jupiter/junit-jupiter-engine/5.6.2/junit-jupiter-engine-5.6.2.jar:/Users/serhii_shkurenko/.m2/repository/org/apiguardian/apiguardian-api/1.1.0/apiguardian-api-1.1.0.jar:/Users/serhii_shkurenko/.m2/repository/org/junit/platform/junit-platform-engine/1.6.2/junit-platform-engine-1.6.2.jar:/Users/serhii_shkurenko/.m2/repository/org/junit/jupiter/junit-jupiter-api/5.6.2/junit-jupiter-api-5.6.2.jar:/Users/serhii_shkurenko/.m2/repository/org/opentest4j/opentest4j/1.2.0/opentest4j-1.2.0.jar:/Users/serhii_shkurenko/.m2/repository/org/junit/platform/junit-platform-commons/1.6.2/junit-platform-commons-1.6.2.jar:/Users/serhii_shkurenko/.m2/repository/com/codeborne/selenide/6.4.0/selenide-6.4.0.jar:/Users/serhii_shkurenko/.m2/repository/org/seleniumhq/selenium/selenium-java/4.1.3/selenium-java-4.1.3.jar:/Users/serhii_shkurenko/.m2/repository/org/seleniumhq/selenium/selenium-api/4.1.3/selenium-api-4.1.3.jar:/Users/serhii_shkurenko/.m2/repository/org/seleniumhq/selenium/selenium-chrome-driver/4.1.3/selenium-chrome-driver-4.1.3.jar:/Users/serhii_shkurenko/.m2/repository/com/google/auto/service/auto-service-annotations/1.0.1/auto-service-annotations-1.0.1.jar:/Users/serhii_shkurenko/.m2/repository/com/google/auto/service/auto-service/1.0.1/auto-service-1.0.1.jar:/Users/serhii_shkurenko/.m2/repository/com/google/auto/auto-common/1.2/auto-common-1.2.jar:/Users/serhii_shkurenko/.m2/repository/org/seleniumhq/selenium/selenium-chromium-driver/4.1.3/selenium-chromium-driver-4.1.3.jar:/Users/serhii_shkurenko/.m2/repository/org/seleniumhq/selenium/selenium-json/4.1.3/selenium-json-4.1.3.jar:/Users/serhii_shkurenko/.m2/repository/org/seleniumhq/selenium/selenium-devtools-v85/4.1.3/selenium-devtools-v85-4.1.3.jar:/Users/serhii_shkurenko/.m2/repository/org/seleniumhq/selenium/selenium-devtools-v97/4.1.3/selenium-devtools-v97-4.1.3.jar:/Users/serhii_shkurenko/.m2/repository/org/seleniumhq/selenium/selenium-devtools-v98/4.1.3/selenium-devtools-v98-4.1.3.jar:/Users/serhii_shkurenko/.m2/repository/org/seleniumhq/selenium/selenium-devtools-v99/4.1.3/selenium-devtools-v99-4.1.3.jar:/Users/serhii_shkurenko/.m2/repository/org/seleniumhq/selenium/selenium-edge-driver/4.1.3/selenium-edge-driver-4.1.3.jar:/Users/serhii_shkurenko/.m2/repository/org/seleniumhq/selenium/selenium-firefox-driver/4.1.3/selenium-firefox-driver-4.1.3.jar:/Users/serhii_shkurenko/.m2/repository/org/seleniumhq/selenium/selenium-ie-driver/4.1.3/selenium-ie-driver-4.1.3.jar:/Users/serhii_shkurenko/.m2/repository/org/seleniumhq/selenium/selenium-opera-driver/4.1.3/selenium-opera-driver-4.1.3.jar:/Users/serhii_shkurenko/.m2/repository/org/seleniumhq/selenium/selenium-remote-driver/4.1.3/selenium-remote-driver-4.1.3.jar:/Users/serhii_shkurenko/.m2/repository/com/beust/jcommander/1.82/jcommander-1.82.jar:/Users/serhii_shkurenko/.m2/repository/io/netty/netty-buffer/4.1.75.Final/netty-buffer-4.1.75.Final.jar:/Users/serhii_shkurenko/.m2/repository/io/netty/netty-codec-http/4.1.75.Final/netty-codec-http-4.1.75.Final.jar:/Users/serhii_shkurenko/.m2/repository/io/netty/netty-codec/4.1.75.Final/netty-codec-4.1.75.Final.jar:/Users/serhii_shkurenko/.m2/repository/io/netty/netty-handler/4.1.75.Final/netty-handler-4.1.75.Final.jar:/Users/serhii_shkurenko/.m2/repository/io/netty/netty-common/4.1.75.Final/netty-common-4.1.75.Final.jar:/Users/serhii_shkurenko/.m2/repository/io/netty/netty-transport-classes-epoll/4.1.75.Final/netty-transport-classes-epoll-4.1.75.Final.jar:/Users/serhii_shkurenko/.m2/repository/io/netty/netty-transport-classes-kqueue/4.1.75.Final/netty-transport-classes-kqueue-4.1.75.Final.jar:/Users/serhii_shkurenko/.m2/repository/io/netty/netty-transport-native-epoll/4.1.75.Final/netty-transport-native-epoll-4.1.75.Final.jar:/Users/serhii_shkurenko/.m2/repository/io/netty/netty-transport-native-kqueue/4.1.75.Final/netty-transport-native-kqueue-4.1.75.Final.jar:/Users/serhii_shkurenko/.m2/repository/io/netty/netty-transport-native-unix-common/4.1.75.Final/netty-transport-native-unix-common-4.1.75.Final.jar:/Users/serhii_shkurenko/.m2/repository/io/netty/netty-transport/4.1.75.Final/netty-transport-4.1.75.Final.jar:/Users/serhii_shkurenko/.m2/repository/io/netty/netty-resolver/4.1.75.Final/netty-resolver-4.1.75.Final.jar:/Users/serhii_shkurenko/.m2/repository/io/opentelemetry/opentelemetry-api/1.12.0/opentelemetry-api-1.12.0.jar:/Users/serhii_shkurenko/.m2/repository/io/opentelemetry/opentelemetry-context/1.12.0/opentelemetry-context-1.12.0.jar:/Users/serhii_shkurenko/.m2/repository/io/opentelemetry/opentelemetry-exporter-logging/1.12.0/opentelemetry-exporter-logging-1.12.0.jar:/Users/serhii_shkurenko/.m2/repository/io/opentelemetry/opentelemetry-sdk-metrics/1.12.0-alpha/opentelemetry-sdk-metrics-1.12.0-alpha.jar:/Users/serhii_shkurenko/.m2/repository/io/opentelemetry/opentelemetry-sdk-logs/1.12.0-alpha/opentelemetry-sdk-logs-1.12.0-alpha.jar:/Users/serhii_shkurenko/.m2/repository/io/opentelemetry/opentelemetry-sdk-common/1.12.0/opentelemetry-sdk-common-1.12.0.jar:/Users/serhii_shkurenko/.m2/repository/io/opentelemetry/opentelemetry-sdk-extension-autoconfigure-spi/1.12.0/opentelemetry-sdk-extension-autoconfigure-spi-1.12.0.jar:/Users/serhii_shkurenko/.m2/repository/io/opentelemetry/opentelemetry-sdk-extension-autoconfigure/1.12.0-alpha/opentelemetry-sdk-extension-autoconfigure-1.12.0-alpha.jar:/Users/serhii_shkurenko/.m2/repository/io/opentelemetry/opentelemetry-sdk-trace/1.12.0/opentelemetry-sdk-trace-1.12.0.jar:/Users/serhii_shkurenko/.m2/repository/io/opentelemetry/opentelemetry-sdk/1.12.0/opentelemetry-sdk-1.12.0.jar:/Users/serhii_shkurenko/.m2/repository/io/opentelemetry/opentelemetry-semconv/1.12.0-alpha/opentelemetry-semconv-1.12.0-alpha.jar:/Users/serhii_shkurenko/.m2/repository/io/ous/jtoml/2.0.0/jtoml-2.0.0.jar:/Users/serhii_shkurenko/.m2/repository/org/apache/commons/commons-exec/1.3/commons-exec-1.3.jar:/Users/serhii_shkurenko/.m2/repository/org/asynchttpclient/async-http-client/2.12.3/async-http-client-2.12.3.jar:/Users/serhii_shkurenko/.m2/repository/org/asynchttpclient/async-http-client-netty-utils/2.12.3/async-http-client-netty-utils-2.12.3.jar:/Users/serhii_shkurenko/.m2/repository/io/netty/netty-codec-socks/4.1.60.Final/netty-codec-socks-4.1.60.Final.jar:/Users/serhii_shkurenko/.m2/repository/io/netty/netty-handler-proxy/4.1.60.Final/netty-handler-proxy-4.1.60.Final.jar:/Users/serhii_shkurenko/.m2/repository/io/netty/netty-transport-native-epoll/4.1.60.Final/netty-transport-native-epoll-4.1.60.Final-linux-x86_64.jar:/Users/serhii_shkurenko/.m2/repository/io/netty/netty-transport-native-kqueue/4.1.60.Final/netty-transport-native-kqueue-4.1.60.Final-osx-x86_64.jar:/Users/serhii_shkurenko/.m2/repository/org/reactivestreams/reactive-streams/1.0.3/reactive-streams-1.0.3.jar:/Users/serhii_shkurenko/.m2/repository/com/typesafe/netty/netty-reactive-streams/2.0.4/netty-reactive-streams-2.0.4.jar:/Users/serhii_shkurenko/.m2/repository/com/sun/activation/jakarta.activation/1.2.2/jakarta.activation-1.2.2.jar:/Users/serhii_shkurenko/.m2/repository/org/seleniumhq/selenium/selenium-http/4.1.3/selenium-http-4.1.3.jar:/Users/serhii_shkurenko/.m2/repository/dev/failsafe/failsafe/3.2.3/failsafe-3.2.3.jar:/Users/serhii_shkurenko/.m2/repository/org/seleniumhq/selenium/selenium-safari-driver/4.1.3/selenium-safari-driver-4.1.3.jar:/Users/serhii_shkurenko/.m2/repository/org/seleniumhq/selenium/selenium-support/4.1.3/selenium-support-4.1.3.jar:/Users/serhii_shkurenko/.m2/repository/com/google/guava/guava/31.1-jre/guava-31.1-jre.jar:/Users/serhii_shkurenko/.m2/repository/com/google/guava/failureaccess/1.0.1/failureaccess-1.0.1.jar:/Users/serhii_shkurenko/.m2/repository/com/google/guava/listenablefuture/9999.0-empty-to-avoid-conflict-with-guava/listenablefuture-9999.0-empty-to-avoid-conflict-with-guava.jar:/Users/serhii_shkurenko/.m2/repository/com/google/code/findbugs/jsr305/3.0.2/jsr305-3.0.2.jar:/Users/serhii_shkurenko/.m2/repository/org/checkerframework/checker-qual/3.12.0/checker-qual-3.12.0.jar:/Users/serhii_shkurenko/.m2/repository/com/google/errorprone/error_prone_annotations/2.11.0/error_prone_annotations-2.11.0.jar:/Users/serhii_shkurenko/.m2/repository/com/google/j2objc/j2objc-annotations/1.3/j2objc-annotations-1.3.jar:/Users/serhii_shkurenko/.m2/repository/org/apache/commons/commons-lang3/3.12.0/commons-lang3-3.12.0.jar:/Users/serhii_shkurenko/.m2/repository/commons-io/commons-io/2.11.0/commons-io-2.11.0.jar:/Users/serhii_shkurenko/.m2/repository/org/slf4j/slf4j-api/1.7.36/slf4j-api-1.7.36.jar:/Users/serhii_shkurenko/.m2/repository/ch/qos/logback/logback-core/1.2.3/logback-core-1.2.3.jar:/Users/serhii_shkurenko/.m2/repository/ch/qos/logback/logback-classic/1.2.3/logback-classic-1.2.3.jar:/Users/serhii_shkurenko/.m2/repository/io/qameta/allure/allure-junit5/2.13.3/allure-junit5-2.13.3.jar:/Users/serhii_shkurenko/.m2/repository/io/qameta/allure/allure-junit-platform/2.13.3/allure-junit-platform-2.13.3.jar:/Users/serhii_shkurenko/.m2/repository/io/qameta/allure/allure-java-commons/2.13.3/allure-java-commons-2.13.3.jar:/Users/serhii_shkurenko/.m2/repository/io/qameta/allure/allure-model/2.13.3/allure-model-2.13.3.jar:/Users/serhii_shkurenko/.m2/repository/com/fasterxml/jackson/core/jackson-databind/2.9.8/jackson-databind-2.9.8.jar:/Users/serhii_shkurenko/.m2/repository/com/fasterxml/jackson/core/jackson-annotations/2.9.0/jackson-annotations-2.9.0.jar:/Users/serhii_shkurenko/.m2/repository/com/fasterxml/jackson/core/jackson-core/2.9.8/jackson-core-2.9.8.jar:/Users/serhii_shkurenko/.m2/repository/org/apache/tika/tika-core/1.20/tika-core-1.20.jar:/Users/serhii_shkurenko/.m2/repository/org/jooq/joor-java-8/0.9.10/joor-java-8-0.9.10.jar:/Users/serhii_shkurenko/.m2/repository/org/junit/platform/junit-platform-launcher/1.5.2/junit-platform-launcher-1.5.2.jar:/Users/serhii_shkurenko/.m2/repository/com/codeborne/selenide-core/6.4.0/selenide-core-6.4.0.jar:/Users/serhii_shkurenko/.m2/repository/io/github/bonigarcia/webdrivermanager/5.1.0/webdrivermanager-5.1.0.jar:/Users/serhii_shkurenko/.m2/repository/com/google/code/gson/gson/2.9.0/gson-2.9.0.jar:/Users/serhii_shkurenko/.m2/repository/org/brotli/dec/0.1.2/dec-0.1.2.jar:/Users/serhii_shkurenko/.m2/repository/commons-lang/commons-lang/2.6/commons-lang-2.6.jar:/Users/serhii_shkurenko/.m2/repository/org/apache/commons/commons-compress/1.21/commons-compress-1.21.jar:/Users/serhii_shkurenko/.m2/repository/org/apache/httpcomponents/client5/httpclient5/5.1.3/httpclient5-5.1.3.jar:/Users/serhii_shkurenko/.m2/repository/org/apache/httpcomponents/core5/httpcore5/5.1.3/httpcore5-5.1.3.jar:/Users/serhii_shkurenko/.m2/repository/commons-codec/commons-codec/1.15/commons-codec-1.15.jar:"/>
    <property name="java.vm.vendor" value="Homebrew"/>
    <property name="sun.arch.data.model" value="64"/>
    <property name="java.vendor.url" value="https://github.com/Homebrew/homebrew-core/issues"/>
    <property name="user.timezone" value="Europe/Kiev"/>
    <property name="os.name" value="Mac OS X"/>
    <property name="java.vm.specification.version" value="18"/>
    <property name="sun.java.launcher" value="SUN_STANDARD"/>
    <property name="user.country" value="GB"/>
    <property name="sun.boot.library.path" value="/opt/homebrew/Cellar/openjdk/18.0.1/libexec/openjdk.jdk/Contents/Home/lib"/>
    <property name="sun.java.command" value="/Users/serhii_shkurenko/Desktop/projects/udemySelenideProject/target/surefire/surefirebooter8753651379833079876.jar /Users/serhii_shkurenko/Desktop/projects/udemySelenideProject/target/surefire 2022-05-24T14-57-20_151-jvmRun1 surefire4261969091706420430tmp surefire_02830959719401041854tmp"/>
    <property name="http.nonProxyHosts" value="local|*.local|169.254/16|*.169.254/16"/>
    <property name="jdk.debug" value="release"/>
    <property name="surefire.test.class.path" value="/Users/serhii_shkurenko/Desktop/projects/udemySelenideProject/target/test-classes:/Users/serhii_shkurenko/Desktop/projects/udemySelenideProject/target/classes:/Users/serhii_shkurenko/.m2/repository/org/apache/maven/plugins/maven-compiler-plugin/3.8.1/maven-compiler-plugin-3.8.1.jar:/Users/serhii_shkurenko/.m2/repository/org/apache/maven/maven-plugin-api/3.0/maven-plugin-api-3.0.jar:/Users/serhii_shkurenko/.m2/repository/org/apache/maven/maven-model/3.0/maven-model-3.0.jar:/Users/serhii_shkurenko/.m2/repository/org/sonatype/sisu/sisu-inject-plexus/1.4.2/sisu-inject-plexus-1.4.2.jar:/Users/serhii_shkurenko/.m2/repository/org/sonatype/sisu/sisu-inject-bean/1.4.2/sisu-inject-bean-1.4.2.jar:/Users/serhii_shkurenko/.m2/repository/org/sonatype/sisu/sisu-guice/2.1.7/sisu-guice-2.1.7-noaop.jar:/Users/serhii_shkurenko/.m2/repository/org/apache/maven/maven-artifact/3.0/maven-artifact-3.0.jar:/Users/serhii_shkurenko/.m2/repository/org/codehaus/plexus/plexus-utils/2.0.4/plexus-utils-2.0.4.jar:/Users/serhii_shkurenko/.m2/repository/org/apache/maven/maven-core/3.0/maven-core-3.0.jar:/Users/serhii_shkurenko/.m2/repository/org/apache/maven/maven-settings/3.0/maven-settings-3.0.jar:/Users/serhii_shkurenko/.m2/repository/org/apache/maven/maven-settings-builder/3.0/maven-settings-builder-3.0.jar:/Users/serhii_shkurenko/.m2/repository/org/apache/maven/maven-repository-metadata/3.0/maven-repository-metadata-3.0.jar:/Users/serhii_shkurenko/.m2/repository/org/apache/maven/maven-model-builder/3.0/maven-model-builder-3.0.jar:/Users/serhii_shkurenko/.m2/repository/org/apache/maven/maven-aether-provider/3.0/maven-aether-provider-3.0.jar:/Users/serhii_shkurenko/.m2/repository/org/sonatype/aether/aether-impl/1.7/aether-impl-1.7.jar:/Users/serhii_shkurenko/.m2/repository/org/sonatype/aether/aether-spi/1.7/aether-spi-1.7.jar:/Users/serhii_shkurenko/.m2/repository/org/sonatype/aether/aether-api/1.7/aether-api-1.7.jar:/Users/serhii_shkurenko/.m2/repository/org/sonatype/aether/aether-util/1.7/aether-util-1.7.jar:/Users/serhii_shkurenko/.m2/repository/org/codehaus/plexus/plexus-interpolation/1.14/plexus-interpolation-1.14.jar:/Users/serhii_shkurenko/.m2/repository/org/codehaus/plexus/plexus-classworlds/2.2.3/plexus-classworlds-2.2.3.jar:/Users/serhii_shkurenko/.m2/repository/org/codehaus/plexus/plexus-component-annotations/1.5.5/plexus-component-annotations-1.5.5.jar:/Users/serhii_shkurenko/.m2/repository/org/sonatype/plexus/plexus-sec-dispatcher/1.3/plexus-sec-dispatcher-1.3.jar:/Users/serhii_shkurenko/.m2/repository/org/sonatype/plexus/plexus-cipher/1.4/plexus-cipher-1.4.jar:/Users/serhii_shkurenko/.m2/repository/org/apache/maven/shared/maven-shared-utils/3.2.1/maven-shared-utils-3.2.1.jar:/Users/serhii_shkurenko/.m2/repository/org/apache/maven/shared/maven-shared-incremental/1.1/maven-shared-incremental-1.1.jar:/Users/serhii_shkurenko/.m2/repository/org/codehaus/plexus/plexus-java/0.9.10/plexus-java-0.9.10.jar:/Users/serhii_shkurenko/.m2/repository/org/ow2/asm/asm/6.2/asm-6.2.jar:/Users/serhii_shkurenko/.m2/repository/com/thoughtworks/qdox/qdox/2.0-M8/qdox-2.0-M8.jar:/Users/serhii_shkurenko/.m2/repository/org/codehaus/plexus/plexus-compiler-api/2.8.4/plexus-compiler-api-2.8.4.jar:/Users/serhii_shkurenko/.m2/repository/org/codehaus/plexus/plexus-compiler-manager/2.8.4/plexus-compiler-manager-2.8.4.jar:/Users/serhii_shkurenko/.m2/repository/org/codehaus/plexus/plexus-compiler-javac/2.8.4/plexus-compiler-javac-2.8.4.jar:/Users/serhii_shkurenko/.m2/repository/org/junit/jupiter/junit-jupiter-engine/5.6.2/junit-jupiter-engine-5.6.2.jar:/Users/serhii_shkurenko/.m2/repository/org/apiguardian/apiguardian-api/1.1.0/apiguardian-api-1.1.0.jar:/Users/serhii_shkurenko/.m2/repository/org/junit/platform/junit-platform-engine/1.6.2/junit-platform-engine-1.6.2.jar:/Users/serhii_shkurenko/.m2/repository/org/junit/jupiter/junit-jupiter-api/5.6.2/junit-jupiter-api-5.6.2.jar:/Users/serhii_shkurenko/.m2/repository/org/opentest4j/opentest4j/1.2.0/opentest4j-1.2.0.jar:/Users/serhii_shkurenko/.m2/repository/org/junit/platform/junit-platform-commons/1.6.2/junit-platform-commons-1.6.2.jar:/Users/serhii_shkurenko/.m2/repository/com/codeborne/selenide/6.4.0/selenide-6.4.0.jar:/Users/serhii_shkurenko/.m2/repository/org/seleniumhq/selenium/selenium-java/4.1.3/selenium-java-4.1.3.jar:/Users/serhii_shkurenko/.m2/repository/org/seleniumhq/selenium/selenium-api/4.1.3/selenium-api-4.1.3.jar:/Users/serhii_shkurenko/.m2/repository/org/seleniumhq/selenium/selenium-chrome-driver/4.1.3/selenium-chrome-driver-4.1.3.jar:/Users/serhii_shkurenko/.m2/repository/com/google/auto/service/auto-service-annotations/1.0.1/auto-service-annotations-1.0.1.jar:/Users/serhii_shkurenko/.m2/repository/com/google/auto/service/auto-service/1.0.1/auto-service-1.0.1.jar:/Users/serhii_shkurenko/.m2/repository/com/google/auto/auto-common/1.2/auto-common-1.2.jar:/Users/serhii_shkurenko/.m2/repository/org/seleniumhq/selenium/selenium-chromium-driver/4.1.3/selenium-chromium-driver-4.1.3.jar:/Users/serhii_shkurenko/.m2/repository/org/seleniumhq/selenium/selenium-json/4.1.3/selenium-json-4.1.3.jar:/Users/serhii_shkurenko/.m2/repository/org/seleniumhq/selenium/selenium-devtools-v85/4.1.3/selenium-devtools-v85-4.1.3.jar:/Users/serhii_shkurenko/.m2/repository/org/seleniumhq/selenium/selenium-devtools-v97/4.1.3/selenium-devtools-v97-4.1.3.jar:/Users/serhii_shkurenko/.m2/repository/org/seleniumhq/selenium/selenium-devtools-v98/4.1.3/selenium-devtools-v98-4.1.3.jar:/Users/serhii_shkurenko/.m2/repository/org/seleniumhq/selenium/selenium-devtools-v99/4.1.3/selenium-devtools-v99-4.1.3.jar:/Users/serhii_shkurenko/.m2/repository/org/seleniumhq/selenium/selenium-edge-driver/4.1.3/selenium-edge-driver-4.1.3.jar:/Users/serhii_shkurenko/.m2/repository/org/seleniumhq/selenium/selenium-firefox-driver/4.1.3/selenium-firefox-driver-4.1.3.jar:/Users/serhii_shkurenko/.m2/repository/org/seleniumhq/selenium/selenium-ie-driver/4.1.3/selenium-ie-driver-4.1.3.jar:/Users/serhii_shkurenko/.m2/repository/org/seleniumhq/selenium/selenium-opera-driver/4.1.3/selenium-opera-driver-4.1.3.jar:/Users/serhii_shkurenko/.m2/repository/org/seleniumhq/selenium/selenium-remote-driver/4.1.3/selenium-remote-driver-4.1.3.jar:/Users/serhii_shkurenko/.m2/repository/com/beust/jcommander/1.82/jcommander-1.82.jar:/Users/serhii_shkurenko/.m2/repository/io/netty/netty-buffer/4.1.75.Final/netty-buffer-4.1.75.Final.jar:/Users/serhii_shkurenko/.m2/repository/io/netty/netty-codec-http/4.1.75.Final/netty-codec-http-4.1.75.Final.jar:/Users/serhii_shkurenko/.m2/repository/io/netty/netty-codec/4.1.75.Final/netty-codec-4.1.75.Final.jar:/Users/serhii_shkurenko/.m2/repository/io/netty/netty-handler/4.1.75.Final/netty-handler-4.1.75.Final.jar:/Users/serhii_shkurenko/.m2/repository/io/netty/netty-common/4.1.75.Final/netty-common-4.1.75.Final.jar:/Users/serhii_shkurenko/.m2/repository/io/netty/netty-transport-classes-epoll/4.1.75.Final/netty-transport-classes-epoll-4.1.75.Final.jar:/Users/serhii_shkurenko/.m2/repository/io/netty/netty-transport-classes-kqueue/4.1.75.Final/netty-transport-classes-kqueue-4.1.75.Final.jar:/Users/serhii_shkurenko/.m2/repository/io/netty/netty-transport-native-epoll/4.1.75.Final/netty-transport-native-epoll-4.1.75.Final.jar:/Users/serhii_shkurenko/.m2/repository/io/netty/netty-transport-native-kqueue/4.1.75.Final/netty-transport-native-kqueue-4.1.75.Final.jar:/Users/serhii_shkurenko/.m2/repository/io/netty/netty-transport-native-unix-common/4.1.75.Final/netty-transport-native-unix-common-4.1.75.Final.jar:/Users/serhii_shkurenko/.m2/repository/io/netty/netty-transport/4.1.75.Final/netty-transport-4.1.75.Final.jar:/Users/serhii_shkurenko/.m2/repository/io/netty/netty-resolver/4.1.75.Final/netty-resolver-4.1.75.Final.jar:/Users/serhii_shkurenko/.m2/repository/io/opentelemetry/opentelemetry-api/1.12.0/opentelemetry-api-1.12.0.jar:/Users/serhii_shkurenko/.m2/repository/io/opentelemetry/opentelemetry-context/1.12.0/opentelemetry-context-1.12.0.jar:/Users/serhii_shkurenko/.m2/repository/io/opentelemetry/opentelemetry-exporter-logging/1.12.0/opentelemetry-exporter-logging-1.12.0.jar:/Users/serhii_shkurenko/.m2/repository/io/opentelemetry/opentelemetry-sdk-metrics/1.12.0-alpha/opentelemetry-sdk-metrics-1.12.0-alpha.jar:/Users/serhii_shkurenko/.m2/repository/io/opentelemetry/opentelemetry-sdk-logs/1.12.0-alpha/opentelemetry-sdk-logs-1.12.0-alpha.jar:/Users/serhii_shkurenko/.m2/repository/io/opentelemetry/opentelemetry-sdk-common/1.12.0/opentelemetry-sdk-common-1.12.0.jar:/Users/serhii_shkurenko/.m2/repository/io/opentelemetry/opentelemetry-sdk-extension-autoconfigure-spi/1.12.0/opentelemetry-sdk-extension-autoconfigure-spi-1.12.0.jar:/Users/serhii_shkurenko/.m2/repository/io/opentelemetry/opentelemetry-sdk-extension-autoconfigure/1.12.0-alpha/opentelemetry-sdk-extension-autoconfigure-1.12.0-alpha.jar:/Users/serhii_shkurenko/.m2/repository/io/opentelemetry/opentelemetry-sdk-trace/1.12.0/opentelemetry-sdk-trace-1.12.0.jar:/Users/serhii_shkurenko/.m2/repository/io/opentelemetry/opentelemetry-sdk/1.12.0/opentelemetry-sdk-1.12.0.jar:/Users/serhii_shkurenko/.m2/repository/io/opentelemetry/opentelemetry-semconv/1.12.0-alpha/opentelemetry-semconv-1.12.0-alpha.jar:/Users/serhii_shkurenko/.m2/repository/io/ous/jtoml/2.0.0/jtoml-2.0.0.jar:/Users/serhii_shkurenko/.m2/repository/org/apache/commons/commons-exec/1.3/commons-exec-1.3.jar:/Users/serhii_shkurenko/.m2/repository/org/asynchttpclient/async-http-client/2.12.3/async-http-client-2.12.3.jar:/Users/serhii_shkurenko/.m2/repository/org/asynchttpclient/async-http-client-netty-utils/2.12.3/async-http-client-netty-utils-2.12.3.jar:/Users/serhii_shkurenko/.m2/repository/io/netty/netty-codec-socks/4.1.60.Final/netty-codec-socks-4.1.60.Final.jar:/Users/serhii_shkurenko/.m2/repository/io/netty/netty-handler-proxy/4.1.60.Final/netty-handler-proxy-4.1.60.Final.jar:/Users/serhii_shkurenko/.m2/repository/io/netty/netty-transport-native-epoll/4.1.60.Final/netty-transport-native-epoll-4.1.60.Final-linux-x86_64.jar:/Users/serhii_shkurenko/.m2/repository/io/netty/netty-transport-native-kqueue/4.1.60.Final/netty-transport-native-kqueue-4.1.60.Final-osx-x86_64.jar:/Users/serhii_shkurenko/.m2/repository/org/reactivestreams/reactive-streams/1.0.3/reactive-streams-1.0.3.jar:/Users/serhii_shkurenko/.m2/repository/com/typesafe/netty/netty-reactive-streams/2.0.4/netty-reactive-streams-2.0.4.jar:/Users/serhii_shkurenko/.m2/repository/com/sun/activation/jakarta.activation/1.2.2/jakarta.activation-1.2.2.jar:/Users/serhii_shkurenko/.m2/repository/org/seleniumhq/selenium/selenium-http/4.1.3/selenium-http-4.1.3.jar:/Users/serhii_shkurenko/.m2/repository/dev/failsafe/failsafe/3.2.3/failsafe-3.2.3.jar:/Users/serhii_shkurenko/.m2/repository/org/seleniumhq/selenium/selenium-safari-driver/4.1.3/selenium-safari-driver-4.1.3.jar:/Users/serhii_shkurenko/.m2/repository/org/seleniumhq/selenium/selenium-support/4.1.3/selenium-support-4.1.3.jar:/Users/serhii_shkurenko/.m2/repository/com/google/guava/guava/31.1-jre/guava-31.1-jre.jar:/Users/serhii_shkurenko/.m2/repository/com/google/guava/failureaccess/1.0.1/failureaccess-1.0.1.jar:/Users/serhii_shkurenko/.m2/repository/com/google/guava/listenablefuture/9999.0-empty-to-avoid-conflict-with-guava/listenablefuture-9999.0-empty-to-avoid-conflict-with-guava.jar:/Users/serhii_shkurenko/.m2/repository/com/google/code/findbugs/jsr305/3.0.2/jsr305-3.0.2.jar:/Users/serhii_shkurenko/.m2/repository/org/checkerframework/checker-qual/3.12.0/checker-qual-3.12.0.jar:/Users/serhii_shkurenko/.m2/repository/com/google/errorprone/error_prone_annotations/2.11.0/error_prone_annotations-2.11.0.jar:/Users/serhii_shkurenko/.m2/repository/com/google/j2objc/j2objc-annotations/1.3/j2objc-annotations-1.3.jar:/Users/serhii_shkurenko/.m2/repository/org/apache/commons/commons-lang3/3.12.0/commons-lang3-3.12.0.jar:/Users/serhii_shkurenko/.m2/repository/commons-io/commons-io/2.11.0/commons-io-2.11.0.jar:/Users/serhii_shkurenko/.m2/repository/org/slf4j/slf4j-api/1.7.36/slf4j-api-1.7.36.jar:/Users/serhii_shkurenko/.m2/repository/ch/qos/logback/logback-core/1.2.3/logback-core-1.2.3.jar:/Users/serhii_shkurenko/.m2/repository/ch/qos/logback/logback-classic/1.2.3/logback-classic-1.2.3.jar:/Users/serhii_shkurenko/.m2/repository/io/qameta/allure/allure-junit5/2.13.3/allure-junit5-2.13.3.jar:/Users/serhii_shkurenko/.m2/repository/io/qameta/allure/allure-junit-platform/2.13.3/allure-junit-platform-2.13.3.jar:/Users/serhii_shkurenko/.m2/repository/io/qameta/allure/allure-java-commons/2.13.3/allure-java-commons-2.13.3.jar:/Users/serhii_shkurenko/.m2/repository/io/qameta/allure/allure-model/2.13.3/allure-model-2.13.3.jar:/Users/serhii_shkurenko/.m2/repository/com/fasterxml/jackson/core/jackson-databind/2.9.8/jackson-databind-2.9.8.jar:/Users/serhii_shkurenko/.m2/repository/com/fasterxml/jackson/core/jackson-annotations/2.9.0/jackson-annotations-2.9.0.jar:/Users/serhii_shkurenko/.m2/repository/com/fasterxml/jackson/core/jackson-core/2.9.8/jackson-core-2.9.8.jar:/Users/serhii_shkurenko/.m2/repository/org/apache/tika/tika-core/1.20/tika-core-1.20.jar:/Users/serhii_shkurenko/.m2/repository/org/jooq/joor-java-8/0.9.10/joor-java-8-0.9.10.jar:/Users/serhii_shkurenko/.m2/repository/org/junit/platform/junit-platform-launcher/1.5.2/junit-platform-launcher-1.5.2.jar:/Users/serhii_shkurenko/.m2/repository/com/codeborne/selenide-core/6.4.0/selenide-core-6.4.0.jar:/Users/serhii_shkurenko/.m2/repository/io/github/bonigarcia/webdrivermanager/5.1.0/webdrivermanager-5.1.0.jar:/Users/serhii_shkurenko/.m2/repository/com/google/code/gson/gson/2.9.0/gson-2.9.0.jar:/Users/serhii_shkurenko/.m2/repository/org/brotli/dec/0.1.2/dec-0.1.2.jar:/Users/serhii_shkurenko/.m2/repository/commons-lang/commons-lang/2.6/commons-lang-2.6.jar:/Users/serhii_shkurenko/.m2/repository/org/apache/commons/commons-compress/1.21/commons-compress-1.21.jar:/Users/serhii_shkurenko/.m2/repository/org/apache/httpcomponents/client5/httpclient5/5.1.3/httpclient5-5.1.3.jar:/Users/serhii_shkurenko/.m2/repository/org/apache/httpcomponents/core5/httpcore5/5.1.3/httpcore5-5.1.3.jar:/Users/serhii_shkurenko/.m2/repository/commons-codec/commons-codec/1.15/commons-codec-1.15.jar:"/>
    <property name="allure.results.directory" value="/Users/serhii_shkurenko/Desktop/projects/udemySelenideProject/target/allure-results"/>
    <property name="sun.cpu.endian" value="little"/>
    <property name="user.home" value="/Users/serhii_shkurenko"/>
    <property name="user.language" value="en"/>
    <property name="java.specification.vendor" value="Oracle Corporation"/>
    <property name="java.version.date" value="2022-04-19"/>
    <property name="java.home" value="/opt/homebrew/Cellar/openjdk/18.0.1/libexec/openjdk.jdk/Contents/Home"/>
    <property name="file.separator" value="/"/>
    <property name="basedir" value="/Users/serhii_shkurenko/Desktop/projects/udemySelenideProject"/>
    <property name="java.vm.compressedOopsMode" value="Zero based"/>
    <property name="line.separator" value="&#10;"/>
    <property name="java.vm.specification.vendor" value="Oracle Corporation"/>
    <property name="java.specification.name" value="Java Platform API Specification"/>
    <property name="apple.awt.application.name" value="ForkedBooter"/>
    <property name="surefire.real.class.path" value="/Users/serhii_shkurenko/Desktop/projects/udemySelenideProject/target/surefire/surefirebooter8753651379833079876.jar"/>
    <property name="sun.management.compiler" value="HotSpot 64-Bit Tiered Compilers"/>
    <property name="ftp.nonProxyHosts" value="local|*.local|169.254/16|*.169.254/16"/>
    <property name="java.runtime.version" value="18.0.1+0"/>
    <property name="user.name" value="serhii_shkurenko"/>
    <property name="path.separator" value=":"/>
    <property name="os.version" value="12.4"/>
    <property name="java.runtime.name" value="OpenJDK Runtime Environment"/>
    <property name="file.encoding" value="UTF-8"/>
    <property name="java.vm.name" value="OpenJDK 64-Bit Server VM"/>
    <property name="java.vendor.version" value="Homebrew"/>
    <property name="localRepository" value="/Users/serhii_shkurenko/.m2/repository"/>
    <property name="java.vendor.url.bug" value="https://github.com/Homebrew/homebrew-core/issues"/>
    <property name="java.io.tmpdir" value="/var/folders/_g/j6dsv2791bv256g9kq3380ch0000gn/T/"/>
    <property name="java.version" value="18.0.1"/>
    <property name="user.dir" value="/Users/serhii_shkurenko/Desktop/projects/udemySelenideProject"/>
    <property name="os.arch" value="aarch64"/>
    <property name="java.vm.specification.name" value="Java Virtual Machine Specification"/>
    <property name="native.encoding" value="UTF-8"/>
    <property name="java.library.path" value="/Users/serhii_shkurenko/Library/Java/Extensions:/Library/Java/Extensions:/Network/Library/Java/Extensions:/System/Library/Java/Extensions:/usr/lib/java:."/>
    <property name="junit.jupiter.extensions.autodetection.enabled" value="true"/>
    <property name="java.vm.info" value="mixed mode, sharing"/>
    <property name="java.vendor" value="Homebrew"/>
    <property name="java.vm.version" value="18.0.1+0"/>
    <property name="sun.io.unicode.encoding" value="UnicodeBig"/>
    <property name="socksNonProxyHosts" value="local|*.local|169.254/16|*.169.254/16"/>
    <property name="java.class.version" value="62.0"/>
  </properties>
  <testcase name="selectAgreementsTabInPubSession" classname="tests.car_loans.positive.CarLoansPositiveTest" time="44.518">
    <error message="timeout: Timed out receiving message from renderer: 29.247&#10;  (Session info: chrome=101.0.4951.64)&#10;Build info: version: &apos;4.1.3&apos;, revision: &apos;7b1ebf28ef&apos;&#10;System info: host: &apos;MacBook-Air-2&apos;, ip: &apos;fe80:0:0:0:2f:7c95:718:29d3%en0&apos;, os.name: &apos;Mac OS X&apos;, os.arch: &apos;aarch64&apos;, os.version: &apos;12.4&apos;, java.version: &apos;18.0.1&apos;&#10;Driver info: org.openqa.selenium.chrome.ChromeDriver&#10;Command: [317bd6f8362709f82aeab672a0d50f10, get {url=https://next.privat24.ua/auto-credit/order?lang=en}]&#10;selenide.url: https://next.privat24.ua/auto-credit/order?lang=en&#10;Capabilities {acceptInsecureCerts: true, browserName: chrome, browserVersion: 101.0.4951.64, chrome: {chromedriverVersion: 101.0.4951.41 (93c720db8323..., userDataDir: /var/folders/_g/j6dsv2791bv...}, goog:chromeOptions: {debuggerAddress: localhost:52091}, javascriptEnabled: true, networkConnectionEnabled: false, pageLoadStrategy: normal, platform: MAC, platformName: MAC, proxy: Proxy(), se:cdp: ws://localhost:52091/devtoo..., se:cdpVersion: 101.0.4951.64, setWindowRect: true, strictFileInteractability: false, timeouts: {implicit: 0, pageLoad: 300000, script: 30000}, unhandledPromptBehavior: dismiss and notify, webauthn:extension:credBlob: true, webauthn:extension:largeBlob: true, webauthn:virtualAuthenticators: true}&#10;selenide.baseUrl: http://localhost:8080&#10;Session ID: 317bd6f8362709f82aeab672a0d50f10" type="org.openqa.selenium.TimeoutException">org.openqa.selenium.TimeoutException: 
timeout: Timed out receiving message from renderer: 29.247
  (Session info: chrome=101.0.4951.64)
Build info: version: '4.1.3', revision: '7b1ebf28ef'
System info: host: 'MacBook-Air-2', ip: 'fe80:0:0:0:2f:7c95:718:29d3%en0', os.name: 'Mac OS X', os.arch: 'aarch64', os.version: '12.4', java.version: '18.0.1'
Driver info: org.openqa.selenium.chrome.ChromeDriver
Command: [317bd6f8362709f82aeab672a0d50f10, get {url=https://next.privat24.ua/auto-credit/order?lang=en}]
selenide.url: https://next.privat24.ua/auto-credit/order?lang=en
Capabilities {acceptInsecureCerts: true, browserName: chrome, browserVersion: 101.0.4951.64, chrome: {chromedriverVersion: 101.0.4951.41 (93c720db8323..., userDataDir: /var/folders/_g/j6dsv2791bv...}, goog:chromeOptions: {debuggerAddress: localhost:52091}, javascriptEnabled: true, networkConnectionEnabled: false, pageLoadStrategy: normal, platform: MAC, platformName: MAC, proxy: Proxy(), se:cdp: ws://localhost:52091/devtoo..., se:cdpVersion: 101.0.4951.64, setWindowRect: true, strictFileInteractability: false, timeouts: {implicit: 0, pageLoad: 300000, script: 30000}, unhandledPromptBehavior: dismiss and notify, webauthn:extension:credBlob: true, webauthn:extension:largeBlob: true, webauthn:virtualAuthenticators: true}
selenide.baseUrl: http://localhost:8080
Session ID: 317bd6f8362709f82aeab672a0d50f10
	at tests.car_loans.positive.CarLoansPositiveTest.selectAgreementsTabInPubSession(CarLoansPositiveTest.java:41)
</error>
    <system-out><![CDATA[&amp#27;[35m14:57:21.688&amp#27;[0;39m &amp#27;[33mINFO&amp#27;[0;39m &amp#27;[36mt.b.BaseTest&amp#27;[0;39m START TIME - 14:57:21.685059
&amp#27;[35m14:57:21.693&amp#27;[0;39m &amp#27;[33mINFO&amp#27;[0;39m &amp#27;[36mt.b.BaseTest&amp#27;[0;39m Clear reports directory build/reports/ ...
&amp#27;[35m14:57:21.877&amp#27;[0;39m &amp#27;[33mINFO&amp#27;[0;39m &amp#27;[36mc.c.s.i.WebDriverThreadLocalContainer&amp#27;[0;39m No webdriver is bound to current thread: 18 - let's create a new webdriver
&amp#27;[35m14:57:21.877&amp#27;[0;39m &amp#27;[33mINFO&amp#27;[0;39m &amp#27;[36mc.c.s.i.WebDriverThreadLocalContainer&amp#27;[0;39m No webdriver is bound to current thread: 19 - let's create a new webdriver
&amp#27;[35m14:57:21.903&amp#27;[0;39m &amp#27;[33mINFO&amp#27;[0;39m &amp#27;[36mc.c.s.i.FileHelper&amp#27;[0;39m Creating folder: /Users/serhii_shkurenko/Desktop/projects/udemySelenideProject/build/downloads/1653393441902_35618_19
&amp#27;[35m14:57:21.903&amp#27;[0;39m &amp#27;[33mINFO&amp#27;[0;39m &amp#27;[36mc.c.s.i.FileHelper&amp#27;[0;39m Creating folder: /Users/serhii_shkurenko/Desktop/projects/udemySelenideProject/build/downloads/1653393441902_35618_18
&amp#27;[35m14:57:22.234&amp#27;[0;39m &amp#27;[33mINFO&amp#27;[0;39m &amp#27;[36mi.g.b.w.WebDriverManager&amp#27;[0;39m Using chromedriver 101.0.4951.41 (resolved driver for Chrome 101)
&amp#27;[35m14:57:22.234&amp#27;[0;39m &amp#27;[33mINFO&amp#27;[0;39m &amp#27;[36mi.g.b.w.WebDriverManager&amp#27;[0;39m Using chromedriver 101.0.4951.41 (resolved driver for Chrome 101)
&amp#27;[35m14:57:22.276&amp#27;[0;39m &amp#27;[33mINFO&amp#27;[0;39m &amp#27;[36mi.g.b.w.WebDriverManager&amp#27;[0;39m Exporting webdriver.chrome.driver as /Users/serhii_shkurenko/.cache/selenium/chromedriver/mac-arm64/101.0.4951.41/chromedriver
&amp#27;[35m14:57:22.277&amp#27;[0;39m &amp#27;[33mINFO&amp#27;[0;39m &amp#27;[36mi.g.b.w.WebDriverManager&amp#27;[0;39m Exporting webdriver.chrome.driver as /Users/serhii_shkurenko/.cache/selenium/chromedriver/mac-arm64/101.0.4951.41/chromedriver
&amp#27;[35m14:57:22.750&amp#27;[0;39m &amp#27;[33mINFO&amp#27;[0;39m &amp#27;[36mc.c.s.i.WebDriverThreadLocalContainer&amp#27;[0;39m No webdriver is bound to current thread: 29 - let's create a new webdriver
&amp#27;[35m14:57:22.751&amp#27;[0;39m &amp#27;[33mINFO&amp#27;[0;39m &amp#27;[36mc.c.s.i.FileHelper&amp#27;[0;39m Creating folder: /Users/serhii_shkurenko/Desktop/projects/udemySelenideProject/build/downloads/1653393442750_35618_29
&amp#27;[35m14:57:22.751&amp#27;[0;39m &amp#27;[33mINFO&amp#27;[0;39m &amp#27;[36mc.c.s.i.WebDriverThreadLocalContainer&amp#27;[0;39m No webdriver is bound to current thread: 28 - let's create a new webdriver
&amp#27;[35m14:57:22.751&amp#27;[0;39m &amp#27;[33mINFO&amp#27;[0;39m &amp#27;[36mc.c.s.i.FileHelper&amp#27;[0;39m Creating folder: /Users/serhii_shkurenko/Desktop/projects/udemySelenideProject/build/downloads/1653393442751_35618_28
&amp#27;[35m14:57:31.039&amp#27;[0;39m &amp#27;[33mINFO&amp#27;[0;39m &amp#27;[36mc.c.s.w.HttpClientTimeouts&amp#27;[0;39m Changed connectTimeout from PT10S to PT10S
&amp#27;[35m14:57:31.039&amp#27;[0;39m &amp#27;[33mINFO&amp#27;[0;39m &amp#27;[36mc.c.s.w.HttpClientTimeouts&amp#27;[0;39m Changed connectTimeout from PT10S to PT10S
&amp#27;[35m14:57:31.039&amp#27;[0;39m &amp#27;[33mINFO&amp#27;[0;39m &amp#27;[36mc.c.s.w.HttpClientTimeouts&amp#27;[0;39m Changed connectTimeout from PT10S to PT10S
&amp#27;[35m14:57:31.039&amp#27;[0;39m &amp#27;[33mINFO&amp#27;[0;39m &amp#27;[36mc.c.s.w.HttpClientTimeouts&amp#27;[0;39m Changed connectTimeout from PT10S to PT10S
&amp#27;[35m14:57:31.040&amp#27;[0;39m &amp#27;[33mINFO&amp#27;[0;39m &amp#27;[36mc.c.s.w.HttpClientTimeouts&amp#27;[0;39m Changed readTimeout from PT1M30S to PT1M30S
&amp#27;[35m14:57:31.040&amp#27;[0;39m &amp#27;[33mINFO&amp#27;[0;39m &amp#27;[36mc.c.s.w.HttpClientTimeouts&amp#27;[0;39m Changed readTimeout from PT1M30S to PT1M30S
&amp#27;[35m14:57:31.040&amp#27;[0;39m &amp#27;[33mINFO&amp#27;[0;39m &amp#27;[36mc.c.s.w.HttpClientTimeouts&amp#27;[0;39m Changed readTimeout from PT1M30S to PT1M30S
&amp#27;[35m14:57:31.040&amp#27;[0;39m &amp#27;[33mINFO&amp#27;[0;39m &amp#27;[36mc.c.s.w.BrowserResizer&amp#27;[0;39m Set browser size to 1366x768
&amp#27;[35m14:57:31.040&amp#27;[0;39m &amp#27;[33mINFO&amp#27;[0;39m &amp#27;[36mc.c.s.w.HttpClientTimeouts&amp#27;[0;39m Changed readTimeout from PT1M30S to PT1M30S
&amp#27;[35m14:57:31.040&amp#27;[0;39m &amp#27;[33mINFO&amp#27;[0;39m &amp#27;[36mc.c.s.w.BrowserResizer&amp#27;[0;39m Set browser size to 1366x768
&amp#27;[35m14:57:31.040&amp#27;[0;39m &amp#27;[33mINFO&amp#27;[0;39m &amp#27;[36mc.c.s.w.BrowserResizer&amp#27;[0;39m Set browser size to 1366x768
&amp#27;[35m14:57:31.040&amp#27;[0;39m &amp#27;[33mINFO&amp#27;[0;39m &amp#27;[36mc.c.s.w.BrowserResizer&amp#27;[0;39m Set browser size to 1366x768
&amp#27;[35m14:57:31.202&amp#27;[0;39m &amp#27;[33mINFO&amp#27;[0;39m &amp#27;[36mc.c.s.w.WebDriverFactory&amp#27;[0;39m BrowserName=chrome Version=101.0.4951.64 Platform=MAC
&amp#27;[35m14:57:31.202&amp#27;[0;39m &amp#27;[33mINFO&amp#27;[0;39m &amp#27;[36mc.c.s.w.WebDriverFactory&amp#27;[0;39m BrowserName=chrome Version=101.0.4951.64 Platform=MAC
&amp#27;[35m14:57:31.202&amp#27;[0;39m &amp#27;[33mINFO&amp#27;[0;39m &amp#27;[36mc.c.s.w.WebDriverFactory&amp#27;[0;39m BrowserName=chrome Version=101.0.4951.64 Platform=MAC
&amp#27;[35m14:57:31.202&amp#27;[0;39m &amp#27;[33mINFO&amp#27;[0;39m &amp#27;[36mc.c.s.w.WebDriverFactory&amp#27;[0;39m Selenide v. 6.4.0
&amp#27;[35m14:57:31.202&amp#27;[0;39m &amp#27;[33mINFO&amp#27;[0;39m &amp#27;[36mc.c.s.w.WebDriverFactory&amp#27;[0;39m Selenide v. 6.4.0
&amp#27;[35m14:57:31.202&amp#27;[0;39m &amp#27;[33mINFO&amp#27;[0;39m &amp#27;[36mc.c.s.w.WebDriverFactory&amp#27;[0;39m Selenium WebDriver v. 4.1.3 build revision: 7b1ebf28ef
&amp#27;[35m14:57:31.202&amp#27;[0;39m &amp#27;[33mINFO&amp#27;[0;39m &amp#27;[36mc.c.s.w.WebDriverFactory&amp#27;[0;39m Selenide v. 6.4.0
&amp#27;[35m14:57:31.202&amp#27;[0;39m &amp#27;[33mINFO&amp#27;[0;39m &amp#27;[36mc.c.s.w.WebDriverFactory&amp#27;[0;39m Selenium WebDriver v. 4.1.3 build revision: 7b1ebf28ef
&amp#27;[35m14:57:31.202&amp#27;[0;39m &amp#27;[33mINFO&amp#27;[0;39m &amp#27;[36mc.c.s.w.WebDriverFactory&amp#27;[0;39m Selenium WebDriver v. 4.1.3 build revision: 7b1ebf28ef
&amp#27;[35m14:57:31.202&amp#27;[0;39m &amp#27;[33mINFO&amp#27;[0;39m &amp#27;[36mc.c.s.d.CreateDriverCommand&amp#27;[0;39m Created webdriver in thread 18: ChromeDriver -> ChromeDriver: chrome on MAC (dd797238f6b9b036d4c2adb89afee37c)
&amp#27;[35m14:57:31.202&amp#27;[0;39m &amp#27;[33mINFO&amp#27;[0;39m &amp#27;[36mc.c.s.d.CreateDriverCommand&amp#27;[0;39m Created webdriver in thread 28: ChromeDriver -> ChromeDriver: chrome on MAC (317bd6f8362709f82aeab672a0d50f10)
&amp#27;[35m14:57:31.202&amp#27;[0;39m &amp#27;[33mINFO&amp#27;[0;39m &amp#27;[36mc.c.s.d.CreateDriverCommand&amp#27;[0;39m Created webdriver in thread 29: ChromeDriver -> ChromeDriver: chrome on MAC (1cffbf65b9828949606212d07e7b075a)
&amp#27;[35m14:57:31.204&amp#27;[0;39m &amp#27;[33mINFO&amp#27;[0;39m &amp#27;[36mc.c.s.w.WebDriverFactory&amp#27;[0;39m BrowserName=chrome Version=101.0.4951.64 Platform=MAC
&amp#27;[35m14:57:31.204&amp#27;[0;39m &amp#27;[33mINFO&amp#27;[0;39m &amp#27;[36mc.c.s.w.WebDriverFactory&amp#27;[0;39m Selenide v. 6.4.0
&amp#27;[35m14:57:31.204&amp#27;[0;39m &amp#27;[33mINFO&amp#27;[0;39m &amp#27;[36mc.c.s.w.WebDriverFactory&amp#27;[0;39m Selenium WebDriver v. 4.1.3 build revision: 7b1ebf28ef
&amp#27;[35m14:57:31.204&amp#27;[0;39m &amp#27;[33mINFO&amp#27;[0;39m &amp#27;[36mc.c.s.d.CreateDriverCommand&amp#27;[0;39m Created webdriver in thread 19: ChromeDriver -> ChromeDriver: chrome on MAC (d2bc18ca7143300da72b6be13484e668)
&amp#27;[35m14:57:31.205&amp#27;[0;39m &amp#27;[33mINFO&amp#27;[0;39m &amp#27;[36mc.c.s.i.WebDriverThreadLocalContainer&amp#27;[0;39m Browser and proxy will stay open due to holdBrowserOpen=true: 18 -> ChromeDriver: chrome on MAC (dd797238f6b9b036d4c2adb89afee37c), null
&amp#27;[35m14:57:31.205&amp#27;[0;39m &amp#27;[33mINFO&amp#27;[0;39m &amp#27;[36mc.c.s.i.WebDriverThreadLocalContainer&amp#27;[0;39m Browser and proxy will stay open due to holdBrowserOpen=true: 28 -> ChromeDriver: chrome on MAC (317bd6f8362709f82aeab672a0d50f10), null
&amp#27;[35m14:57:31.205&amp#27;[0;39m &amp#27;[33mINFO&amp#27;[0;39m &amp#27;[36mc.c.s.i.WebDriverThreadLocalContainer&amp#27;[0;39m Browser and proxy will stay open due to holdBrowserOpen=true: 29 -> ChromeDriver: chrome on MAC (1cffbf65b9828949606212d07e7b075a), null
&amp#27;[35m14:57:31.205&amp#27;[0;39m &amp#27;[33mINFO&amp#27;[0;39m &amp#27;[36mc.c.s.i.WebDriverThreadLocalContainer&amp#27;[0;39m Browser and proxy will stay open due to holdBrowserOpen=true: 19 -> ChromeDriver: chrome on MAC (d2bc18ca7143300da72b6be13484e668), null
&amp#27;[35m14:58:05.903&amp#27;[0;39m &amp#27;[33mINFO&amp#27;[0;39m &amp#27;[36mc.Listener&amp#27;[0;39m Test checkRedirectOnAuthorization - FAILED!
&amp#27;[35m14:58:05.912&amp#27;[0;39m &amp#27;[33mINFO&amp#27;[0;39m &amp#27;[36mc.Listener&amp#27;[0;39m Trying to tace screenshot...
&amp#27;[35m14:58:06.279&amp#27;[0;39m &amp#27;[33mINFO&amp#27;[0;39m &amp#27;[36mc.Listener&amp#27;[0;39m Test selectAgreementsTabInPubSession - FAILED!
&amp#27;[35m14:58:06.281&amp#27;[0;39m &amp#27;[33mINFO&amp#27;[0;39m &amp#27;[36mc.Listener&amp#27;[0;39m Trying to tace screenshot...
&amp#27;[35m14:58:06.355&amp#27;[0;39m &amp#27;[33mINFO&amp#27;[0;39m &amp#27;[36mc.Listener&amp#27;[0;39m Test applyingForAnOldCarLoanPublicSession - FAILED!
&amp#27;[35m14:58:06.356&amp#27;[0;39m &amp#27;[33mINFO&amp#27;[0;39m &amp#27;[36mc.Listener&amp#27;[0;39m Trying to tace screenshot...
&amp#27;[35m14:58:06.728&amp#27;[0;39m &amp#27;[33mINFO&amp#27;[0;39m &amp#27;[36mc.Listener&amp#27;[0;39m Test checkMinimumReplenishmentAmount - FAILED!
&amp#27;[35m14:58:06.728&amp#27;[0;39m &amp#27;[33mINFO&amp#27;[0;39m &amp#27;[36mc.Listener&amp#27;[0;39m Trying to tace screenshot...
]]></system-out>
    <system-err><![CDATA[StartStaStStartinarrting Cihting ChromeDriver 1g01 Chrormngoe.D0 Crive.4951.41 (93c720db832meDriver 101.0.4951.41 (93c720db8323b3ec10d056025ab95c23a31997c9-refs/branch-heads/4951@{#904}) on port 49733
Only local connections are allowed.
Please see https://chromedriver.chromium.org/securit3b3ec10d056025ab95c23a31997c9-refs/branch-heads/4951@{#904}) on port 54391
Only local connections are allowed.
Please see htr 101.0.4951.41 (93c720db8323b3ec10d056025ab95c23a31997c9-refs/branch-heads/4951@{#904}) on port 60064
Only local connections are allowed.
hromeDriver 101.0.4951.41 (93c720db8323b3ec10d056025ab95c23a31997c9-refs/branch-heads/Please see https://chromedriver.chromium.org/security-considerations for suggestions on keeping ChromeDriver safe.
tps://chromedriver.chromium.org/security-considerations for suggestions on keeping Chry-considerations for suggestions on keeping ChromeDriver safe.
ome4951@{#904}) on port 54687
Only local connectDriver safe.
ions are allowed.
Please see https://chromedriver.chromium.org/security-considerations for suggestions on keeping ChromeDriver safe.
ChromeChromeDriChromeDriver was started successfully.
ChromeDriver was started successfully.
ver was started successfully.
Driver was started successfully.
May 24, 2022 2:57:30 PM org.openqa.selenium.remote.ProtocolHandshake createSession
INFO: Detected dialect: W3C
May 24, 2022 2:57:30 PM org.openqa.selenium.remote.ProtocolHandshake createSession
INFO: Detected dialect: W3C
May 24, 2022 2:57:30 PM org.openqa.selenium.remote.ProtocolHandshake createSession
INFO: Detected dialect: W3C
May 24, 2022 2:57:30 PM org.openqa.selenium.remote.ProtocolHandshake createSession
INFO: Detected dialect: W3C
May 24, 2022 2:57:31 PM org.openqa.selenium.devtools.CdpVersionFinder findNearestMatch
WARNING: Unable to find an exact match for CDP version 101, so returning the closest version found: 99
May 24, 2022 2:57:31 PM org.openqa.selenium.devtools.CdpVersionFinder findNearestMatch
WARNING: Unable to find an exact match for CDP version 101, so returning the closest version found: 99
May 24, 2022 2:57:31 PM org.openqa.selenium.devtools.CdpVersionFinder findNearestMatch
INFO: Found CDP implementation for version 101 of 99
May 24, 2022 2:57:31 PM org.openqa.selenium.devtools.CdpVersionFinder findNearestMatch
WARNING: Unable to find an exact match for CDP version 101, so returning the closest version found: 99
May 24, 2022 2:57:31 PM org.openqa.selenium.devtools.CdpVersionFinder findNearestMatch
INFO: Found CDP implementation for version 101 of 99
May 24, 2022 2:57:31 PM org.openqa.selenium.devtools.CdpVersionFinder findNearestMatch
WARNING: Unable to find an exact match for CDP version 101, so returning the closest version found: 99
May 24, 2022 2:57:31 PM org.openqa.selenium.devtools.CdpVersionFinder findNearestMatch
INFO: Found CDP implementation for version 101 of 99
May 24, 2022 2:57:31 PM org.openqa.selenium.devtools.CdpVersionFinder findNearestMatch
INFO: Found CDP implementation for version 101 of 99
[[165[1653393481.[1653209][SEVERE]: Timed out receiving message from renderer: 1653393481.208]393483391.2[SE29.2VERE07][SEVERE]: Timed out receiving message f348rom]47:
 renderer: 29.191
1. Timed out receiving message from renderer: 29.184
209][SEVERE]: Timed out receiving message from renderer: 29.141
[16533934[81.212][SEVERE]: Ti[1653393481.212][SEVERE]: Timed out receiving message from renderer: 29.184
1[653393481.212][SEVERE]: Timed out recei1m653393481.212][ving message from renderer:SEVERE]: Timed oute dreceiving message from renderer: 29.247
  o29.191
ut receiving message from renderer: 29.141
]]></system-err>
  </testcase>
  <testcase name="applyingForAnOldCarLoanPublicSession" classname="tests.car_loans.positive.CarLoansPositiveTest" time="44.858">
    <error message="timeout: Timed out receiving message from renderer: 29.191&#10;  (Session info: chrome=101.0.4951.64)&#10;Build info: version: &apos;4.1.3&apos;, revision: &apos;7b1ebf28ef&apos;&#10;System info: host: &apos;MacBook-Air-2&apos;, ip: &apos;fe80:0:0:0:2f:7c95:718:29d3%en0&apos;, os.name: &apos;Mac OS X&apos;, os.arch: &apos;aarch64&apos;, os.version: &apos;12.4&apos;, java.version: &apos;18.0.1&apos;&#10;Driver info: org.openqa.selenium.chrome.ChromeDriver&#10;Command: [d2bc18ca7143300da72b6be13484e668, get {url=https://next.privat24.ua/auto-credit/order?lang=en}]&#10;selenide.url: https://next.privat24.ua/auto-credit/order?lang=en&#10;Capabilities {acceptInsecureCerts: true, browserName: chrome, browserVersion: 101.0.4951.64, chrome: {chromedriverVersion: 101.0.4951.41 (93c720db8323..., userDataDir: /var/folders/_g/j6dsv2791bv...}, goog:chromeOptions: {debuggerAddress: localhost:52094}, javascriptEnabled: true, networkConnectionEnabled: false, pageLoadStrategy: normal, platform: MAC, platformName: MAC, proxy: Proxy(), se:cdp: ws://localhost:52094/devtoo..., se:cdpVersion: 101.0.4951.64, setWindowRect: true, strictFileInteractability: false, timeouts: {implicit: 0, pageLoad: 300000, script: 30000}, unhandledPromptBehavior: dismiss and notify, webauthn:extension:credBlob: true, webauthn:extension:largeBlob: true, webauthn:virtualAuthenticators: true}&#10;selenide.baseUrl: http://localhost:8080&#10;Session ID: d2bc18ca7143300da72b6be13484e668" type="org.openqa.selenium.TimeoutException">org.openqa.selenium.TimeoutException: 
timeout: Timed out receiving message from renderer: 29.191
  (Session info: chrome=101.0.4951.64)
Build info: version: '4.1.3', revision: '7b1ebf28ef'
System info: host: 'MacBook-Air-2', ip: 'fe80:0:0:0:2f:7c95:718:29d3%en0', os.name: 'Mac OS X', os.arch: 'aarch64', os.version: '12.4', java.version: '18.0.1'
Driver info: org.openqa.selenium.chrome.ChromeDriver
Command: [d2bc18ca7143300da72b6be13484e668, get {url=https://next.privat24.ua/auto-credit/order?lang=en}]
selenide.url: https://next.privat24.ua/auto-credit/order?lang=en
Capabilities {acceptInsecureCerts: true, browserName: chrome, browserVersion: 101.0.4951.64, chrome: {chromedriverVersion: 101.0.4951.41 (93c720db8323..., userDataDir: /var/folders/_g/j6dsv2791bv...}, goog:chromeOptions: {debuggerAddress: localhost:52094}, javascriptEnabled: true, networkConnectionEnabled: false, pageLoadStrategy: normal, platform: MAC, platformName: MAC, proxy: Proxy(), se:cdp: ws://localhost:52094/devtoo..., se:cdpVersion: 101.0.4951.64, setWindowRect: true, strictFileInteractability: false, timeouts: {implicit: 0, pageLoad: 300000, script: 30000}, unhandledPromptBehavior: dismiss and notify, webauthn:extension:credBlob: true, webauthn:extension:largeBlob: true, webauthn:virtualAuthenticators: true}
selenide.baseUrl: http://localhost:8080
Session ID: d2bc18ca7143300da72b6be13484e668
	at tests.car_loans.positive.CarLoansPositiveTest.applyingForAnOldCarLoanPublicSession(CarLoansPositiveTest.java:25)
</error>
  </testcase>
  <testcase name="checkRedirectOnAuthorization" classname="tests.mobile_replenishment.positive.MobilePhoneReplenishmentPositiveTest" time="44.858">
    <error message="timeout: Timed out receiving message from renderer: 29.141&#10;  (Session info: chrome=101.0.4951.64)&#10;Build info: version: &apos;4.1.3&apos;, revision: &apos;7b1ebf28ef&apos;&#10;System info: host: &apos;MacBook-Air-2&apos;, ip: &apos;fe80:0:0:0:2f:7c95:718:29d3%en0&apos;, os.name: &apos;Mac OS X&apos;, os.arch: &apos;aarch64&apos;, os.version: &apos;12.4&apos;, java.version: &apos;18.0.1&apos;&#10;Driver info: org.openqa.selenium.chrome.ChromeDriver&#10;Command: [1cffbf65b9828949606212d07e7b075a, get {url=https://next.privat24.ua/mobile?lang=en}]&#10;selenide.url: https://next.privat24.ua/mobile?lang=en&#10;Capabilities {acceptInsecureCerts: true, browserName: chrome, browserVersion: 101.0.4951.64, chrome: {chromedriverVersion: 101.0.4951.41 (93c720db8323..., userDataDir: /var/folders/_g/j6dsv2791bv...}, goog:chromeOptions: {debuggerAddress: localhost:52090}, javascriptEnabled: true, networkConnectionEnabled: false, pageLoadStrategy: normal, platform: MAC, platformName: MAC, proxy: Proxy(), se:cdp: ws://localhost:52090/devtoo..., se:cdpVersion: 101.0.4951.64, setWindowRect: true, strictFileInteractability: false, timeouts: {implicit: 0, pageLoad: 300000, script: 30000}, unhandledPromptBehavior: dismiss and notify, webauthn:extension:credBlob: true, webauthn:extension:largeBlob: true, webauthn:virtualAuthenticators: true}&#10;selenide.baseUrl: http://localhost:8080&#10;Session ID: 1cffbf65b9828949606212d07e7b075a" type="org.openqa.selenium.TimeoutException">org.openqa.selenium.TimeoutException: 
timeout: Timed out receiving message from renderer: 29.141
  (Session info: chrome=101.0.4951.64)
Build info: version: '4.1.3', revision: '7b1ebf28ef'
System info: host: 'MacBook-Air-2', ip: 'fe80:0:0:0:2f:7c95:718:29d3%en0', os.name: 'Mac OS X', os.arch: 'aarch64', os.version: '12.4', java.version: '18.0.1'
Driver info: org.openqa.selenium.chrome.ChromeDriver
Command: [1cffbf65b9828949606212d07e7b075a, get {url=https://next.privat24.ua/mobile?lang=en}]
selenide.url: https://next.privat24.ua/mobile?lang=en
Capabilities {acceptInsecureCerts: true, browserName: chrome, browserVersion: 101.0.4951.64, chrome: {chromedriverVersion: 101.0.4951.41 (93c720db8323..., userDataDir: /var/folders/_g/j6dsv2791bv...}, goog:chromeOptions: {debuggerAddress: localhost:52090}, javascriptEnabled: true, networkConnectionEnabled: false, pageLoadStrategy: normal, platform: MAC, platformName: MAC, proxy: Proxy(), se:cdp: ws://localhost:52090/devtoo..., se:cdpVersion: 101.0.4951.64, setWindowRect: true, strictFileInteractability: false, timeouts: {implicit: 0, pageLoad: 300000, script: 30000}, unhandledPromptBehavior: dismiss and notify, webauthn:extension:credBlob: true, webauthn:extension:largeBlob: true, webauthn:virtualAuthenticators: true}
selenide.baseUrl: http://localhost:8080
Session ID: 1cffbf65b9828949606212d07e7b075a
	at tests.mobile_replenishment.positive.MobilePhoneReplenishmentPositiveTest.checkRedirectOnAuthorization(MobilePhoneReplenishmentPositiveTest.java:48)
</error>
  </testcase>
  <testcase name="checkMinimumReplenishmentAmount" classname="tests.mobile_replenishment.positive.MobilePhoneReplenishmentPositiveTest" time="44.859">
    <error message="timeout: Timed out receiving message from renderer: 29.184&#10;  (Session info: chrome=101.0.4951.64)&#10;Build info: version: &apos;4.1.3&apos;, revision: &apos;7b1ebf28ef&apos;&#10;System info: host: &apos;MacBook-Air-2&apos;, ip: &apos;fe80:0:0:0:2f:7c95:718:29d3%en0&apos;, os.name: &apos;Mac OS X&apos;, os.arch: &apos;aarch64&apos;, os.version: &apos;12.4&apos;, java.version: &apos;18.0.1&apos;&#10;Driver info: org.openqa.selenium.chrome.ChromeDriver&#10;Command: [dd797238f6b9b036d4c2adb89afee37c, get {url=https://next.privat24.ua/mobile?lang=en}]&#10;selenide.url: https://next.privat24.ua/mobile?lang=en&#10;Capabilities {acceptInsecureCerts: true, browserName: chrome, browserVersion: 101.0.4951.64, chrome: {chromedriverVersion: 101.0.4951.41 (93c720db8323..., userDataDir: /var/folders/_g/j6dsv2791bv...}, goog:chromeOptions: {debuggerAddress: localhost:52092}, javascriptEnabled: true, networkConnectionEnabled: false, pageLoadStrategy: normal, platform: MAC, platformName: MAC, proxy: Proxy(), se:cdp: ws://localhost:52092/devtoo..., se:cdpVersion: 101.0.4951.64, setWindowRect: true, strictFileInteractability: false, timeouts: {implicit: 0, pageLoad: 300000, script: 30000}, unhandledPromptBehavior: dismiss and notify, webauthn:extension:credBlob: true, webauthn:extension:largeBlob: true, webauthn:virtualAuthenticators: true}&#10;selenide.baseUrl: http://localhost:8080&#10;Session ID: dd797238f6b9b036d4c2adb89afee37c" type="org.openqa.selenium.TimeoutException">org.openqa.selenium.TimeoutException: 
timeout: Timed out receiving message from renderer: 29.184
  (Session info: chrome=101.0.4951.64)
Build info: version: '4.1.3', revision: '7b1ebf28ef'
System info: host: 'MacBook-Air-2', ip: 'fe80:0:0:0:2f:7c95:718:29d3%en0', os.name: 'Mac OS X', os.arch: 'aarch64', os.version: '12.4', java.version: '18.0.1'
Driver info: org.openqa.selenium.chrome.ChromeDriver
Command: [dd797238f6b9b036d4c2adb89afee37c, get {url=https://next.privat24.ua/mobile?lang=en}]
selenide.url: https://next.privat24.ua/mobile?lang=en
Capabilities {acceptInsecureCerts: true, browserName: chrome, browserVersion: 101.0.4951.64, chrome: {chromedriverVersion: 101.0.4951.41 (93c720db8323..., userDataDir: /var/folders/_g/j6dsv2791bv...}, goog:chromeOptions: {debuggerAddress: localhost:52092}, javascriptEnabled: true, networkConnectionEnabled: false, pageLoadStrategy: normal, platform: MAC, platformName: MAC, proxy: Proxy(), se:cdp: ws://localhost:52092/devtoo..., se:cdpVersion: 101.0.4951.64, setWindowRect: true, strictFileInteractability: false, timeouts: {implicit: 0, pageLoad: 300000, script: 30000}, unhandledPromptBehavior: dismiss and notify, webauthn:extension:credBlob: true, webauthn:extension:largeBlob: true, webauthn:virtualAuthenticators: true}
selenide.baseUrl: http://localhost:8080
Session ID: dd797238f6b9b036d4c2adb89afee37c
	at tests.mobile_replenishment.positive.MobilePhoneReplenishmentPositiveTest.checkMinimumReplenishmentAmount(MobilePhoneReplenishmentPositiveTest.java:29)
</error>
  </testcase>
</testsuite>